<?xml version="1.0" encoding="utf-8"?><testsuites name="pytest tests"><testsuite name="pytest" errors="0" failures="0" skipped="0" tests="13" time="2.300" timestamp="2026-07-12T02:47:41.307315+00:00" hostname="agent-env-aa06bc3e-8d2b-4d26-aaa3-61da4f26504d"><testcase classname="backend.tests.backend_test" name="test_get_settings_public" time="0.301" /><testcase classname="backend.tests.backend_test" name="test_get_videos_public" time="0.050" /><testcase classname="backend.tests.backend_test" name="test_create_booking_valid" time="0.050" /><testcase classname="backend.tests.backend_test" name="test_create_booking_invalid_email" time="0.046" /><testcase classname="backend.tests.backend_test" name="test_admin_login_success" time="0.299" /><testcase classname="backend.tests.backend_test" name="test_admin_login_wrong_password" time="0.269" /><testcase classname="backend.tests.backend_test" name="test_admin_login_old_password_rejected" time="0.265" /><testcase classname="backend.tests.backend_test" name="test_admin_me_with_token" time="0.311" /><testcase classname="backend.tests.backend_test" name="test_admin_me_without_token" time="0.098" /><testcase classname="backend.tests.backend_test" name="test_admin_list_bookings_contains_new" time="0.045" /><testcase classname="backend.tests.backend_test" name="test_admin_update_settings" time="0.087" /><testcase classname="backend.tests.backend_test" name="test_admin_video_full_crud" time="0.301" /><testcase classname="backend.tests.backend_test" name="test_admin_video_requires_auth" time="0.042" /></testsuite></testsuites>