<?xml version="1.0" encoding="utf-8"?><testsuites name="pytest tests"><testsuite name="pytest" errors="0" failures="0" skipped="0" tests="12" time="2.089" timestamp="2026-07-11T09:31:32.516171+00:00" hostname="agent-env-aa06bc3e-8d2b-4d26-aaa3-61da4f26504d"><testcase classname="tests.backend_test" name="test_root" time="0.227" /><testcase classname="tests.backend_test" name="test_public_settings" time="0.047" /><testcase classname="tests.backend_test" name="test_public_videos" time="0.043" /><testcase classname="tests.backend_test" name="test_login_success" time="0.265" /><testcase classname="tests.backend_test" name="test_login_wrong_password" time="0.266" /><testcase classname="tests.backend_test" name="test_login_wrong_username" time="0.040" /><testcase classname="tests.backend_test" name="test_admin_me_with_token" time="0.304" /><testcase classname="tests.backend_test" name="test_admin_bookings_with_token" time="0.044" /><testcase classname="tests.backend_test" name="test_admin_bookings_no_token" time="0.039" /><testcase classname="tests.backend_test" name="test_update_settings" time="0.081" /><testcase classname="tests.backend_test" name="test_video_crud" time="0.208" /><testcase classname="tests.backend_test" name="test_public_booking_create" time="0.082" /></testsuite></testsuites>